The system is: Linux - 3.19.0-66-generic - x86_64
Compiling the C compiler identification source file "CMakeCCompilerId.c" succeeded.
Compiler: /usr/bin/cc 
Build flags: 
Id flags: 

The output was:
0


Compilation of the C compiler identification source "CMakeCCompilerId.c" produced "a.out"

The C compiler identification is GNU, found in "/home/jeremias/teste/marcelo/pqnns-test/bin/CMakeFiles/2.8.12.2/CompilerIdC/a.out"

Compiling the CXX compiler identification source file "CMakeCXXCompilerId.cpp" succeeded.
Compiler: /usr/bin/g++ 
Build flags: 
Id flags: 

The output was:
0


Compilation of the CXX compiler identification source "CMakeCXXCompilerId.cpp" produced "a.out"

The CXX compiler identification is GNU, found in "/home/jeremias/teste/marcelo/pqnns-test/bin/CMakeFiles/2.8.12.2/CompilerIdCXX/a.out"

Determining if the C compiler works passed with the following output:
Change Dir: /home/jeremias/teste/marcelo/pqnns-test/bin/CMakeFiles/CMakeTmp

Run Build Command:/usr/bin/make "cmTryCompileExec496002360/fast"
/usr/bin/make -f CMakeFiles/cmTryCompileExec496002360.dir/build.make CMakeFiles/cmTryCompileExec496002360.dir/build
make[1]: Entrando no diretório `/home/jeremias/teste/marcelo/pqnns-test/bin/CMakeFiles/CMakeTmp'
/usr/bin/cmake -E cmake_progress_report /home/jeremias/teste/marcelo/pqnns-test/bin/CMakeFiles/CMakeTmp/CMakeFiles 1
Building C object CMakeFiles/cmTryCompileExec496002360.dir/testCCompiler.c.o
/usr/bin/cc    -o CMakeFiles/cmTryCompileExec496002360.dir/testCCompiler.c.o   -c /home/jeremias/teste/marcelo/pqnns-test/bin/CMakeFiles/CMakeTmp/testCCompiler.c
Linking C executable cmTryCompileExec496002360
/usr/bin/cmake -E cmake_link_script CMakeFiles/cmTryCompileExec496002360.dir/link.txt --verbose=1
/usr/bin/cc       CMakeFiles/cmTryCompileExec496002360.dir/testCCompiler.c.o  -o cmTryCompileExec496002360 -rdynamic 
make[1]: Saindo do diretório `/home/jeremias/teste/marcelo/pqnns-test/bin/CMakeFiles/CMakeTmp'


Detecting C compiler ABI info compiled with the following output:
Change Dir: /home/jeremias/teste/marcelo/pqnns-test/bin/CMakeFiles/CMakeTmp

Run Build Command:/usr/bin/make "cmTryCompileExec3675680409/fast"
/usr/bin/make -f CMakeFiles/cmTryCompileExec3675680409.dir/build.make CMakeFiles/cmTryCompileExec3675680409.dir/build
make[1]: Entrando no diretório `/home/jeremias/teste/marcelo/pqnns-test/bin/CMakeFiles/CMakeTmp'
/usr/bin/cmake -E cmake_progress_report /home/jeremias/teste/marcelo/pqnns-test/bin/CMakeFiles/CMakeTmp/CMakeFiles 1
Building C object CMakeFiles/cmTryCompileExec3675680409.dir/CMakeCCompilerABI.c.o
/usr/bin/cc    -o CMakeFiles/cmTryCompileExec3675680409.dir/CMakeCCompilerABI.c.o   -c /usr/share/cmake-2.8/Modules/CMakeCCompilerABI.c
Linking C executable cmTryCompileExec3675680409
/usr/bin/cmake -E cmake_link_script CMakeFiles/cmTryCompileExec3675680409.dir/link.txt --verbose=1
/usr/bin/cc     -v CMakeFiles/cmTryCompileExec3675680409.dir/CMakeCCompilerABI.c.o  -o cmTryCompileExec3675680409 -rdynamic  
Usando especificações embutidas.
COLLECT_GCC=/usr/bin/cc
COLLECT_LTO_WRAPPER=/usr/lib/gcc/x86_64-linux-gnu/4.7/lto-wrapper
Destino: x86_64-linux-gnu
Configurado com: ../src/configure -v --with-pkgversion='Ubuntu/Linaro 4.7.3-12ubuntu1' --with-bugurl=file:///usr/share/doc/gcc-4.7/README.Bugs --enable-languages=c,c++,go,fortran,objc,obj-c++ --prefix=/usr --program-suffix=-4.7 --enable-shared --enable-linker-build-id --libexecdir=/usr/lib --without-included-gettext --enable-threads=posix --with-gxx-include-dir=/usr/include/c++/4.7 --libdir=/usr/lib --enable-nls --with-sysroot=/ --enable-clocale=gnu --enable-libstdcxx-debug --enable-gnu-unique-object --disable-libmudflap --enable-plugin --with-system-zlib --enable-objc-gc --with-cloog --enable-cloog-backend=ppl --disable-cloog-version-check --disable-ppl-version-check --enable-multiarch --disable-werror --with-arch-32=i686 --with-abi=m64 --with-multilib-list=m32,m64,mx32 --with-tune=generic --enable-checking=release --build=x86_64-linux-gnu --host=x86_64-linux-gnu --target=x86_64-linux-gnu
Modelo de thread: posix
versão do gcc 4.7.3 (Ubuntu/Linaro 4.7.3-12ubuntu1) 
COMPILER_PATH=/usr/lib/gcc/x86_64-linux-gnu/4.7/:/usr/lib/gcc/x86_64-linux-gnu/4.7/:/usr/lib/gcc/x86_64-linux-gnu/:/usr/lib/gcc/x86_64-linux-gnu/4.7/:/usr/lib/gcc/x86_64-linux-gnu/
LIBRARY_PATH=/usr/lib/gcc/x86_64-linux-gnu/4.7/:/usr/lib/gcc/x86_64-linux-gnu/4.7/../../../x86_64-linux-gnu/:/usr/lib/gcc/x86_64-linux-gnu/4.7/../../../../lib/:/lib/x86_64-linux-gnu/:/lib/../lib/:/usr/lib/x86_64-linux-gnu/:/usr/lib/../lib/:/usr/lib/gcc/x86_64-linux-gnu/4.7/../../../:/lib/:/usr/lib/
COLLECT_GCC_OPTIONS='-v' '-o' 'cmTryCompileExec3675680409' '-rdynamic' '-mtune=generic' '-march=x86-64'
 /usr/lib/gcc/x86_64-linux-gnu/4.7/collect2 --sysroot=/ --build-id --eh-frame-hdr -m elf_x86_64 --hash-style=gnu --as-needed -export-dynamic -dynamic-linker /lib64/ld-linux-x86-64.so.2 -z relro -o cmTryCompileExec3675680409 /usr/lib/gcc/x86_64-linux-gnu/4.7/../../../x86_64-linux-gnu/crt1.o /usr/lib/gcc/x86_64-linux-gnu/4.7/../../../x86_64-linux-gnu/crti.o /usr/lib/gcc/x86_64-linux-gnu/4.7/crtbegin.o -L/usr/lib/gcc/x86_64-linux-gnu/4.7 -L/usr/lib/gcc/x86_64-linux-gnu/4.7/../../../x86_64-linux-gnu -L/usr/lib/gcc/x86_64-linux-gnu/4.7/../../../../lib -L/lib/x86_64-linux-gnu -L/lib/../lib -L/usr/lib/x86_64-linux-gnu -L/usr/lib/../lib -L/usr/lib/gcc/x86_64-linux-gnu/4.7/../../.. CMakeFiles/cmTryCompileExec3675680409.dir/CMakeCCompilerABI.c.o -lgcc --as-needed -lgcc_s --no-as-needed -lc -lgcc --as-needed -lgcc_s --no-as-needed /usr/lib/gcc/x86_64-linux-gnu/4.7/crtend.o /usr/lib/gcc/x86_64-linux-gnu/4.7/../../../x86_64-linux-gnu/crtn.o
make[1]: Saindo do diretório `/home/jeremias/teste/marcelo/pqnns-test/bin/CMakeFiles/CMakeTmp'


Parsed C implicit link information from above output:
  link line regex: [^( *|.*[/\])(ld|([^/\]+-)?ld|collect2)[^/\]*( |$)]
  ignore line: [Change Dir: /home/jeremias/teste/marcelo/pqnns-test/bin/CMakeFiles/CMakeTmp]
  ignore line: []
  ignore line: [Run Build Command:/usr/bin/make "cmTryCompileExec3675680409/fast"]
  ignore line: [/usr/bin/make -f CMakeFiles/cmTryCompileExec3675680409.dir/build.make CMakeFiles/cmTryCompileExec3675680409.dir/build]
  ignore line: [make[1]: Entrando no diretório `/home/jeremias/teste/marcelo/pqnns-test/bin/CMakeFiles/CMakeTmp']
  ignore line: [/usr/bin/cmake -E cmake_progress_report /home/jeremias/teste/marcelo/pqnns-test/bin/CMakeFiles/CMakeTmp/CMakeFiles 1]
  ignore line: [Building C object CMakeFiles/cmTryCompileExec3675680409.dir/CMakeCCompilerABI.c.o]
  ignore line: [/usr/bin/cc    -o CMakeFiles/cmTryCompileExec3675680409.dir/CMakeCCompilerABI.c.o   -c /usr/share/cmake-2.8/Modules/CMakeCCompilerABI.c]
  ignore line: [Linking C executable cmTryCompileExec3675680409]
  ignore line: [/usr/bin/cmake -E cmake_link_script CMakeFiles/cmTryCompileExec3675680409.dir/link.txt --verbose=1]
  ignore line: [/usr/bin/cc     -v CMakeFiles/cmTryCompileExec3675680409.dir/CMakeCCompilerABI.c.o  -o cmTryCompileExec3675680409 -rdynamic  ]
  ignore line: [Usando especificações embutidas.]
  ignore line: [COLLECT_GCC=/usr/bin/cc]
  ignore line: [COLLECT_LTO_WRAPPER=/usr/lib/gcc/x86_64-linux-gnu/4.7/lto-wrapper]
  ignore line: [Destino: x86_64-linux-gnu]
  ignore line: [Configurado com: ../src/configure -v --with-pkgversion='Ubuntu/Linaro 4.7.3-12ubuntu1' --with-bugurl=file:///usr/share/doc/gcc-4.7/README.Bugs --enable-languages=c,c++,go,fortran,objc,obj-c++ --prefix=/usr --program-suffix=-4.7 --enable-shared --enable-linker-build-id --libexecdir=/usr/lib --without-included-gettext --enable-threads=posix --with-gxx-include-dir=/usr/include/c++/4.7 --libdir=/usr/lib --enable-nls --with-sysroot=/ --enable-clocale=gnu --enable-libstdcxx-debug --enable-gnu-unique-object --disable-libmudflap --enable-plugin --with-system-zlib --enable-objc-gc --with-cloog --enable-cloog-backend=ppl --disable-cloog-version-check --disable-ppl-version-check --enable-multiarch --disable-werror --with-arch-32=i686 --with-abi=m64 --with-multilib-list=m32,m64,mx32 --with-tune=generic --enable-checking=release --build=x86_64-linux-gnu --host=x86_64-linux-gnu --target=x86_64-linux-gnu]
  ignore line: [Modelo de thread: posix]
  ignore line: [versão do gcc 4.7.3 (Ubuntu/Linaro 4.7.3-12ubuntu1) ]
  ignore line: [COMPILER_PATH=/usr/lib/gcc/x86_64-linux-gnu/4.7/:/usr/lib/gcc/x86_64-linux-gnu/4.7/:/usr/lib/gcc/x86_64-linux-gnu/:/usr/lib/gcc/x86_64-linux-gnu/4.7/:/usr/lib/gcc/x86_64-linux-gnu/]
  ignore line: [LIBRARY_PATH=/usr/lib/gcc/x86_64-linux-gnu/4.7/:/usr/lib/gcc/x86_64-linux-gnu/4.7/../../../x86_64-linux-gnu/:/usr/lib/gcc/x86_64-linux-gnu/4.7/../../../../lib/:/lib/x86_64-linux-gnu/:/lib/../lib/:/usr/lib/x86_64-linux-gnu/:/usr/lib/../lib/:/usr/lib/gcc/x86_64-linux-gnu/4.7/../../../:/lib/:/usr/lib/]
  ignore line: [COLLECT_GCC_OPTIONS='-v' '-o' 'cmTryCompileExec3675680409' '-rdynamic' '-mtune=generic' '-march=x86-64']
  link line: [ /usr/lib/gcc/x86_64-linux-gnu/4.7/collect2 --sysroot=/ --build-id --eh-frame-hdr -m elf_x86_64 --hash-style=gnu --as-needed -export-dynamic -dynamic-linker /lib64/ld-linux-x86-64.so.2 -z relro -o cmTryCompileExec3675680409 /usr/lib/gcc/x86_64-linux-gnu/4.7/../../../x86_64-linux-gnu/crt1.o /usr/lib/gcc/x86_64-linux-gnu/4.7/../../../x86_64-linux-gnu/crti.o /usr/lib/gcc/x86_64-linux-gnu/4.7/crtbegin.o -L/usr/lib/gcc/x86_64-linux-gnu/4.7 -L/usr/lib/gcc/x86_64-linux-gnu/4.7/../../../x86_64-linux-gnu -L/usr/lib/gcc/x86_64-linux-gnu/4.7/../../../../lib -L/lib/x86_64-linux-gnu -L/lib/../lib -L/usr/lib/x86_64-linux-gnu -L/usr/lib/../lib -L/usr/lib/gcc/x86_64-linux-gnu/4.7/../../.. CMakeFiles/cmTryCompileExec3675680409.dir/CMakeCCompilerABI.c.o -lgcc --as-needed -lgcc_s --no-as-needed -lc -lgcc --as-needed -lgcc_s --no-as-needed /usr/lib/gcc/x86_64-linux-gnu/4.7/crtend.o /usr/lib/gcc/x86_64-linux-gnu/4.7/../../../x86_64-linux-gnu/crtn.o]
    arg [/usr/lib/gcc/x86_64-linux-gnu/4.7/collect2] ==> ignore
    arg [--sysroot=/] ==> ignore
    arg [--build-id] ==> ignore
    arg [--eh-frame-hdr] ==> ignore
    arg [-m] ==> ignore
    arg [elf_x86_64] ==> ignore
    arg [--hash-style=gnu] ==> ignore
    arg [--as-needed] ==> ignore
    arg [-export-dynamic] ==> ignore
    arg [-dynamic-linker] ==> ignore
    arg [/lib64/ld-linux-x86-64.so.2] ==> ignore
    arg [-zrelro] ==> ignore
    arg [-o] ==> ignore
    arg [cmTryCompileExec3675680409] ==> ignore
    arg [/usr/lib/gcc/x86_64-linux-gnu/4.7/../../../x86_64-linux-gnu/crt1.o] ==> ignore
    arg [/usr/lib/gcc/x86_64-linux-gnu/4.7/../../../x86_64-linux-gnu/crti.o] ==> ignore
    arg [/usr/lib/gcc/x86_64-linux-gnu/4.7/crtbegin.o] ==> ignore
    arg [-L/usr/lib/gcc/x86_64-linux-gnu/4.7] ==> dir [/usr/lib/gcc/x86_64-linux-gnu/4.7]
    arg [-L/usr/lib/gcc/x86_64-linux-gnu/4.7/../../../x86_64-linux-gnu] ==> dir [/usr/lib/gcc/x86_64-linux-gnu/4.7/../../../x86_64-linux-gnu]
    arg [-L/usr/lib/gcc/x86_64-linux-gnu/4.7/../../../../lib] ==> dir [/usr/lib/gcc/x86_64-linux-gnu/4.7/../../../../lib]
    arg [-L/lib/x86_64-linux-gnu] ==> dir [/lib/x86_64-linux-gnu]
    arg [-L/lib/../lib] ==> dir [/lib/../lib]
    arg [-L/usr/lib/x86_64-linux-gnu] ==> dir [/usr/lib/x86_64-linux-gnu]
    arg [-L/usr/lib/../lib] ==> dir [/usr/lib/../lib]
    arg [-L/usr/lib/gcc/x86_64-linux-gnu/4.7/../../..] ==> dir [/usr/lib/gcc/x86_64-linux-gnu/4.7/../../..]
    arg [CMakeFiles/cmTryCompileExec3675680409.dir/CMakeCCompilerABI.c.o] ==> ignore
    arg [-lgcc] ==> lib [gcc]
    arg [--as-needed] ==> ignore
    arg [-lgcc_s] ==> lib [gcc_s]
    arg [--no-as-needed] ==> ignore
    arg [-lc] ==> lib [c]
    arg [-lgcc] ==> lib [gcc]
    arg [--as-needed] ==> ignore
    arg [-lgcc_s] ==> lib [gcc_s]
    arg [--no-as-needed] ==> ignore
    arg [/usr/lib/gcc/x86_64-linux-gnu/4.7/crtend.o] ==> ignore
    arg [/usr/lib/gcc/x86_64-linux-gnu/4.7/../../../x86_64-linux-gnu/crtn.o] ==> ignore
  remove lib [gcc]
  remove lib [gcc_s]
  remove lib [gcc]
  remove lib [gcc_s]
  collapse library dir [/usr/lib/gcc/x86_64-linux-gnu/4.7] ==> [/usr/lib/gcc/x86_64-linux-gnu/4.7]
  collapse library dir [/usr/lib/gcc/x86_64-linux-gnu/4.7/../../../x86_64-linux-gnu] ==> [/usr/lib/x86_64-linux-gnu]
  collapse library dir [/usr/lib/gcc/x86_64-linux-gnu/4.7/../../../../lib] ==> [/usr/lib]
  collapse library dir [/lib/x86_64-linux-gnu] ==> [/lib/x86_64-linux-gnu]
  collapse library dir [/lib/../lib] ==> [/lib]
  collapse library dir [/usr/lib/x86_64-linux-gnu] ==> [/usr/lib/x86_64-linux-gnu]
  collapse library dir [/usr/lib/../lib] ==> [/usr/lib]
  collapse library dir [/usr/lib/gcc/x86_64-linux-gnu/4.7/../../..] ==> [/usr/lib]
  implicit libs: [c]
  implicit dirs: [/usr/lib/gcc/x86_64-linux-gnu/4.7;/usr/lib/x86_64-linux-gnu;/usr/lib;/lib/x86_64-linux-gnu;/lib]
  implicit fwks: []


Determining if the CXX compiler works passed with the following output:
Change Dir: /home/jeremias/teste/marcelo/pqnns-test/bin/CMakeFiles/CMakeTmp

Run Build Command:/usr/bin/make "cmTryCompileExec238430997/fast"
/usr/bin/make -f CMakeFiles/cmTryCompileExec238430997.dir/build.make CMakeFiles/cmTryCompileExec238430997.dir/build
make[1]: Entrando no diretório `/home/jeremias/teste/marcelo/pqnns-test/bin/CMakeFiles/CMakeTmp'
/usr/bin/cmake -E cmake_progress_report /home/jeremias/teste/marcelo/pqnns-test/bin/CMakeFiles/CMakeTmp/CMakeFiles 1
Building CXX object CMakeFiles/cmTryCompileExec238430997.dir/testCXXCompiler.cxx.o
/usr/bin/g++     -o CMakeFiles/cmTryCompileExec238430997.dir/testCXXCompiler.cxx.o -c /home/jeremias/teste/marcelo/pqnns-test/bin/CMakeFiles/CMakeTmp/testCXXCompiler.cxx
Linking CXX executable cmTryCompileExec238430997
/usr/bin/cmake -E cmake_link_script CMakeFiles/cmTryCompileExec238430997.dir/link.txt --verbose=1
/usr/bin/g++        CMakeFiles/cmTryCompileExec238430997.dir/testCXXCompiler.cxx.o  -o cmTryCompileExec238430997 -rdynamic 
make[1]: Saindo do diretório `/home/jeremias/teste/marcelo/pqnns-test/bin/CMakeFiles/CMakeTmp'


Detecting CXX compiler ABI info compiled with the following output:
Change Dir: /home/jeremias/teste/marcelo/pqnns-test/bin/CMakeFiles/CMakeTmp

Run Build Command:/usr/bin/make "cmTryCompileExec1391690279/fast"
/usr/bin/make -f CMakeFiles/cmTryCompileExec1391690279.dir/build.make CMakeFiles/cmTryCompileExec1391690279.dir/build
make[1]: Entrando no diretório `/home/jeremias/teste/marcelo/pqnns-test/bin/CMakeFiles/CMakeTmp'
/usr/bin/cmake -E cmake_progress_report /home/jeremias/teste/marcelo/pqnns-test/bin/CMakeFiles/CMakeTmp/CMakeFiles 1
Building CXX object CMakeFiles/cmTryCompileExec1391690279.dir/CMakeCXXCompilerABI.cpp.o
/usr/bin/g++     -o CMakeFiles/cmTryCompileExec1391690279.dir/CMakeCXXCompilerABI.cpp.o -c /usr/share/cmake-2.8/Modules/CMakeCXXCompilerABI.cpp
Linking CXX executable cmTryCompileExec1391690279
/usr/bin/cmake -E cmake_link_script CMakeFiles/cmTryCompileExec1391690279.dir/link.txt --verbose=1
/usr/bin/g++      -v CMakeFiles/cmTryCompileExec1391690279.dir/CMakeCXXCompilerABI.cpp.o  -o cmTryCompileExec1391690279 -rdynamic  
Usando especificações embutidas.
COLLECT_GCC=/usr/bin/g++
COLLECT_LTO_WRAPPER=/usr/lib/gcc/x86_64-linux-gnu/4.7/lto-wrapper
Destino: x86_64-linux-gnu
Configurado com: ../src/configure -v --with-pkgversion='Ubuntu/Linaro 4.7.3-12ubuntu1' --with-bugurl=file:///usr/share/doc/gcc-4.7/README.Bugs --enable-languages=c,c++,go,fortran,objc,obj-c++ --prefix=/usr --program-suffix=-4.7 --enable-shared --enable-linker-build-id --libexecdir=/usr/lib --without-included-gettext --enable-threads=posix --with-gxx-include-dir=/usr/include/c++/4.7 --libdir=/usr/lib --enable-nls --with-sysroot=/ --enable-clocale=gnu --enable-libstdcxx-debug --enable-gnu-unique-object --disable-libmudflap --enable-plugin --with-system-zlib --enable-objc-gc --with-cloog --enable-cloog-backend=ppl --disable-cloog-version-check --disable-ppl-version-check --enable-multiarch --disable-werror --with-arch-32=i686 --with-abi=m64 --with-multilib-list=m32,m64,mx32 --with-tune=generic --enable-checking=release --build=x86_64-linux-gnu --host=x86_64-linux-gnu --target=x86_64-linux-gnu
Modelo de thread: posix
versão do gcc 4.7.3 (Ubuntu/Linaro 4.7.3-12ubuntu1) 
COMPILER_PATH=/usr/lib/gcc/x86_64-linux-gnu/4.7/:/usr/lib/gcc/x86_64-linux-gnu/4.7/:/usr/lib/gcc/x86_64-linux-gnu/:/usr/lib/gcc/x86_64-linux-gnu/4.7/:/usr/lib/gcc/x86_64-linux-gnu/
LIBRARY_PATH=/usr/lib/gcc/x86_64-linux-gnu/4.7/:/usr/lib/gcc/x86_64-linux-gnu/4.7/../../../x86_64-linux-gnu/:/usr/lib/gcc/x86_64-linux-gnu/4.7/../../../../lib/:/lib/x86_64-linux-gnu/:/lib/../lib/:/usr/lib/x86_64-linux-gnu/:/usr/lib/../lib/:/usr/lib/gcc/x86_64-linux-gnu/4.7/../../../:/lib/:/usr/lib/
COLLECT_GCC_OPTIONS='-v' '-o' 'cmTryCompileExec1391690279' '-rdynamic' '-shared-libgcc' '-mtune=generic' '-march=x86-64'
 /usr/lib/gcc/x86_64-linux-gnu/4.7/collect2 --sysroot=/ --build-id --eh-frame-hdr -m elf_x86_64 --hash-style=gnu --as-needed -export-dynamic -dynamic-linker /lib64/ld-linux-x86-64.so.2 -z relro -o cmTryCompileExec1391690279 /usr/lib/gcc/x86_64-linux-gnu/4.7/../../../x86_64-linux-gnu/crt1.o /usr/lib/gcc/x86_64-linux-gnu/4.7/../../../x86_64-linux-gnu/crti.o /usr/lib/gcc/x86_64-linux-gnu/4.7/crtbegin.o -L/usr/lib/gcc/x86_64-linux-gnu/4.7 -L/usr/lib/gcc/x86_64-linux-gnu/4.7/../../../x86_64-linux-gnu -L/usr/lib/gcc/x86_64-linux-gnu/4.7/../../../../lib -L/lib/x86_64-linux-gnu -L/lib/../lib -L/usr/lib/x86_64-linux-gnu -L/usr/lib/../lib -L/usr/lib/gcc/x86_64-linux-gnu/4.7/../../.. CMakeFiles/cmTryCompileExec1391690279.dir/CMakeCXXCompilerABI.cpp.o -lstdc++ -lm -lgcc_s -lgcc -lc -lgcc_s -lgcc /usr/lib/gcc/x86_64-linux-gnu/4.7/crtend.o /usr/lib/gcc/x86_64-linux-gnu/4.7/../../../x86_64-linux-gnu/crtn.o
make[1]: Saindo do diretório `/home/jeremias/teste/marcelo/pqnns-test/bin/CMakeFiles/CMakeTmp'


Parsed CXX implicit link information from above output:
  link line regex: [^( *|.*[/\])(ld|([^/\]+-)?ld|collect2)[^/\]*( |$)]
  ignore line: [Change Dir: /home/jeremias/teste/marcelo/pqnns-test/bin/CMakeFiles/CMakeTmp]
  ignore line: []
  ignore line: [Run Build Command:/usr/bin/make "cmTryCompileExec1391690279/fast"]
  ignore line: [/usr/bin/make -f CMakeFiles/cmTryCompileExec1391690279.dir/build.make CMakeFiles/cmTryCompileExec1391690279.dir/build]
  ignore line: [make[1]: Entrando no diretório `/home/jeremias/teste/marcelo/pqnns-test/bin/CMakeFiles/CMakeTmp']
  ignore line: [/usr/bin/cmake -E cmake_progress_report /home/jeremias/teste/marcelo/pqnns-test/bin/CMakeFiles/CMakeTmp/CMakeFiles 1]
  ignore line: [Building CXX object CMakeFiles/cmTryCompileExec1391690279.dir/CMakeCXXCompilerABI.cpp.o]
  ignore line: [/usr/bin/g++     -o CMakeFiles/cmTryCompileExec1391690279.dir/CMakeCXXCompilerABI.cpp.o -c /usr/share/cmake-2.8/Modules/CMakeCXXCompilerABI.cpp]
  ignore line: [Linking CXX executable cmTryCompileExec1391690279]
  ignore line: [/usr/bin/cmake -E cmake_link_script CMakeFiles/cmTryCompileExec1391690279.dir/link.txt --verbose=1]
  ignore line: [/usr/bin/g++      -v CMakeFiles/cmTryCompileExec1391690279.dir/CMakeCXXCompilerABI.cpp.o  -o cmTryCompileExec1391690279 -rdynamic  ]
  ignore line: [Usando especificações embutidas.]
  ignore line: [COLLECT_GCC=/usr/bin/g++]
  ignore line: [COLLECT_LTO_WRAPPER=/usr/lib/gcc/x86_64-linux-gnu/4.7/lto-wrapper]
  ignore line: [Destino: x86_64-linux-gnu]
  ignore line: [Configurado com: ../src/configure -v --with-pkgversion='Ubuntu/Linaro 4.7.3-12ubuntu1' --with-bugurl=file:///usr/share/doc/gcc-4.7/README.Bugs --enable-languages=c,c++,go,fortran,objc,obj-c++ --prefix=/usr --program-suffix=-4.7 --enable-shared --enable-linker-build-id --libexecdir=/usr/lib --without-included-gettext --enable-threads=posix --with-gxx-include-dir=/usr/include/c++/4.7 --libdir=/usr/lib --enable-nls --with-sysroot=/ --enable-clocale=gnu --enable-libstdcxx-debug --enable-gnu-unique-object --disable-libmudflap --enable-plugin --with-system-zlib --enable-objc-gc --with-cloog --enable-cloog-backend=ppl --disable-cloog-version-check --disable-ppl-version-check --enable-multiarch --disable-werror --with-arch-32=i686 --with-abi=m64 --with-multilib-list=m32,m64,mx32 --with-tune=generic --enable-checking=release --build=x86_64-linux-gnu --host=x86_64-linux-gnu --target=x86_64-linux-gnu]
  ignore line: [Modelo de thread: posix]
  ignore line: [versão do gcc 4.7.3 (Ubuntu/Linaro 4.7.3-12ubuntu1) ]
  ignore line: [COMPILER_PATH=/usr/lib/gcc/x86_64-linux-gnu/4.7/:/usr/lib/gcc/x86_64-linux-gnu/4.7/:/usr/lib/gcc/x86_64-linux-gnu/:/usr/lib/gcc/x86_64-linux-gnu/4.7/:/usr/lib/gcc/x86_64-linux-gnu/]
  ignore line: [LIBRARY_PATH=/usr/lib/gcc/x86_64-linux-gnu/4.7/:/usr/lib/gcc/x86_64-linux-gnu/4.7/../../../x86_64-linux-gnu/:/usr/lib/gcc/x86_64-linux-gnu/4.7/../../../../lib/:/lib/x86_64-linux-gnu/:/lib/../lib/:/usr/lib/x86_64-linux-gnu/:/usr/lib/../lib/:/usr/lib/gcc/x86_64-linux-gnu/4.7/../../../:/lib/:/usr/lib/]
  ignore line: [COLLECT_GCC_OPTIONS='-v' '-o' 'cmTryCompileExec1391690279' '-rdynamic' '-shared-libgcc' '-mtune=generic' '-march=x86-64']
  link line: [ /usr/lib/gcc/x86_64-linux-gnu/4.7/collect2 --sysroot=/ --build-id --eh-frame-hdr -m elf_x86_64 --hash-style=gnu --as-needed -export-dynamic -dynamic-linker /lib64/ld-linux-x86-64.so.2 -z relro -o cmTryCompileExec1391690279 /usr/lib/gcc/x86_64-linux-gnu/4.7/../../../x86_64-linux-gnu/crt1.o /usr/lib/gcc/x86_64-linux-gnu/4.7/../../../x86_64-linux-gnu/crti.o /usr/lib/gcc/x86_64-linux-gnu/4.7/crtbegin.o -L/usr/lib/gcc/x86_64-linux-gnu/4.7 -L/usr/lib/gcc/x86_64-linux-gnu/4.7/../../../x86_64-linux-gnu -L/usr/lib/gcc/x86_64-linux-gnu/4.7/../../../../lib -L/lib/x86_64-linux-gnu -L/lib/../lib -L/usr/lib/x86_64-linux-gnu -L/usr/lib/../lib -L/usr/lib/gcc/x86_64-linux-gnu/4.7/../../.. CMakeFiles/cmTryCompileExec1391690279.dir/CMakeCXXCompilerABI.cpp.o -lstdc++ -lm -lgcc_s -lgcc -lc -lgcc_s -lgcc /usr/lib/gcc/x86_64-linux-gnu/4.7/crtend.o /usr/lib/gcc/x86_64-linux-gnu/4.7/../../../x86_64-linux-gnu/crtn.o]
    arg [/usr/lib/gcc/x86_64-linux-gnu/4.7/collect2] ==> ignore
    arg [--sysroot=/] ==> ignore
    arg [--build-id] ==> ignore
    arg [--eh-frame-hdr] ==> ignore
    arg [-m] ==> ignore
    arg [elf_x86_64] ==> ignore
    arg [--hash-style=gnu] ==> ignore
    arg [--as-needed] ==> ignore
    arg [-export-dynamic] ==> ignore
    arg [-dynamic-linker] ==> ignore
    arg [/lib64/ld-linux-x86-64.so.2] ==> ignore
    arg [-zrelro] ==> ignore
    arg [-o] ==> ignore
    arg [cmTryCompileExec1391690279] ==> ignore
    arg [/usr/lib/gcc/x86_64-linux-gnu/4.7/../../../x86_64-linux-gnu/crt1.o] ==> ignore
    arg [/usr/lib/gcc/x86_64-linux-gnu/4.7/../../../x86_64-linux-gnu/crti.o] ==> ignore
    arg [/usr/lib/gcc/x86_64-linux-gnu/4.7/crtbegin.o] ==> ignore
    arg [-L/usr/lib/gcc/x86_64-linux-gnu/4.7] ==> dir [/usr/lib/gcc/x86_64-linux-gnu/4.7]
    arg [-L/usr/lib/gcc/x86_64-linux-gnu/4.7/../../../x86_64-linux-gnu] ==> dir [/usr/lib/gcc/x86_64-linux-gnu/4.7/../../../x86_64-linux-gnu]
    arg [-L/usr/lib/gcc/x86_64-linux-gnu/4.7/../../../../lib] ==> dir [/usr/lib/gcc/x86_64-linux-gnu/4.7/../../../../lib]
    arg [-L/lib/x86_64-linux-gnu] ==> dir [/lib/x86_64-linux-gnu]
    arg [-L/lib/../lib] ==> dir [/lib/../lib]
    arg [-L/usr/lib/x86_64-linux-gnu] ==> dir [/usr/lib/x86_64-linux-gnu]
    arg [-L/usr/lib/../lib] ==> dir [/usr/lib/../lib]
    arg [-L/usr/lib/gcc/x86_64-linux-gnu/4.7/../../..] ==> dir [/usr/lib/gcc/x86_64-linux-gnu/4.7/../../..]
    arg [CMakeFiles/cmTryCompileExec1391690279.dir/CMakeCXXCompilerABI.cpp.o] ==> ignore
    arg [-lstdc++] ==> lib [stdc++]
    arg [-lm] ==> lib [m]
    arg [-lgcc_s] ==> lib [gcc_s]
    arg [-lgcc] ==> lib [gcc]
    arg [-lc] ==> lib [c]
    arg [-lgcc_s] ==> lib [gcc_s]
    arg [-lgcc] ==> lib [gcc]
    arg [/usr/lib/gcc/x86_64-linux-gnu/4.7/crtend.o] ==> ignore
    arg [/usr/lib/gcc/x86_64-linux-gnu/4.7/../../../x86_64-linux-gnu/crtn.o] ==> ignore
  remove lib [gcc_s]
  remove lib [gcc]
  remove lib [gcc_s]
  remove lib [gcc]
  collapse library dir [/usr/lib/gcc/x86_64-linux-gnu/4.7] ==> [/usr/lib/gcc/x86_64-linux-gnu/4.7]
  collapse library dir [/usr/lib/gcc/x86_64-linux-gnu/4.7/../../../x86_64-linux-gnu] ==> [/usr/lib/x86_64-linux-gnu]
  collapse library dir [/usr/lib/gcc/x86_64-linux-gnu/4.7/../../../../lib] ==> [/usr/lib]
  collapse library dir [/lib/x86_64-linux-gnu] ==> [/lib/x86_64-linux-gnu]
  collapse library dir [/lib/../lib] ==> [/lib]
  collapse library dir [/usr/lib/x86_64-linux-gnu] ==> [/usr/lib/x86_64-linux-gnu]
  collapse library dir [/usr/lib/../lib] ==> [/usr/lib]
  collapse library dir [/usr/lib/gcc/x86_64-linux-gnu/4.7/../../..] ==> [/usr/lib]
  implicit libs: [stdc++;m;c]
  implicit dirs: [/usr/lib/gcc/x86_64-linux-gnu/4.7;/usr/lib/x86_64-linux-gnu;/usr/lib;/lib/x86_64-linux-gnu;/lib]
  implicit fwks: []


